<?xml version="1.0" encoding="UTF-8"?>
<!-- Generated by org.testng.reporters.JUnitReportReporter -->
<testsuite skipped="0" hostname="DESKTOP-B7UDF6D" name="com.testng.features.Dependency" tests="3" failures="0" timestamp="2021-12-28T23:27:24 IST" time="0.039" errors="0">
  <testcase name="mobile" time="0.022" classname="com.testng.features.Dependency"/>
  <system-out/>
  <testcase name="watch" time="0.011" classname="com.testng.features.Dependency"/>
  <system-out/>
  <testcase name="offer" time="0.006" classname="com.testng.features.Dependency"/>
  <system-out/>
</testsuite> <!-- com.testng.features.Dependency -->
