<?xml version="1.0" encoding="UTF-8"?>
<!-- Generated by org.testng.reporters.JUnitReportReporter -->
<testsuite skipped="0" hostname="DESKTOP-B7UDF6D" name="com.testng.features.Priority_Functins" tests="3" failures="0" timestamp="2021-12-28T23:30:27 IST" time="0.066" errors="0">
  <testcase name="womens" time="0.031" classname="com.testng.features.Priority_Functins"/>
  <system-out/>
  <testcase name="men" time="0.017" classname="com.testng.features.Priority_Functins"/>
  <system-out/>
  <testcase name="kids" time="0.018" classname="com.testng.features.Priority_Functins"/>
  <system-out/>
</testsuite> <!-- com.testng.features.Priority_Functins -->
