<?xml version="1.0" encoding="UTF-8"?>
<!-- Generated by org.testng.reporters.JUnitReportReporter -->
<testsuite skipped="0" hostname="DESKTOP-B7UDF6D" name="com.testng.features.Parameterized_Test" tests="2" failures="0" timestamp="2021-12-26T13:35:36 IST" time="0.030" errors="0">
  <testcase name="demoone" time="0.030" classname="com.testng.features.Parameterized_Test"/>
  <system-out/>
  <testcase name="demptwo" time="0.000" classname="com.testng.features.Parameterized_Test"/>
  <system-out/>
</testsuite> <!-- com.testng.features.Parameterized_Test -->
