<?xml version="1.0" encoding="UTF-8"?>
<!-- Generated by org.testng.reporters.JUnitReportReporter -->
<testsuite skipped="0" hostname="DESKTOP-B7UDF6D" name="com.testng.features.Simple_Annotation" tests="3" failures="0" timestamp="2021-12-28T23:31:58 IST" time="0.062" errors="0">
  <testcase name="men" time="0.005" classname="com.testng.features.Simple_Annotation"/>
  <system-out/>
  <testcase name="kids" time="0.041" classname="com.testng.features.Simple_Annotation"/>
  <system-out/>
  <testcase name="womens" time="0.016" classname="com.testng.features.Simple_Annotation"/>
  <system-out/>
</testsuite> <!-- com.testng.features.Simple_Annotation -->
