<?xml version="1.0" encoding="UTF-8"?>
<!-- Generated by org.testng.reporters.JUnitReportReporter -->
<testsuite skipped="1" hostname="DESKTOP-B7UDF6D" name="com.testng.features.Ignoring_Conceptps" tests="2" failures="0" timestamp="2021-12-28T23:24:39 IST" time="0.024" errors="0">
  <testcase name="facebook" time="0.024" classname="com.testng.features.Ignoring_Conceptps"/>
  <system-out/>
  <testcase name="wynkMusic" classname="com.testng.features.Ignoring_Conceptps">
    <skipped/>
  </testcase> <!-- wynkMusic -->
  <system-out/>
</testsuite> <!-- com.testng.features.Ignoring_Conceptps -->
