<?xml version="1.0" encoding="UTF-8"?>
<!-- Generated by org.testng.reporters.JUnitReportReporter -->
<testsuite skipped="0" hostname="DESKTOP-B7UDF6D" name="com.testng.features.Soft_Asset" tests="2" failures="0" timestamp="2021-12-28T23:33:02 IST" time="0.047" errors="0">
  <testcase name="username" time="0.031" classname="com.testng.features.Soft_Asset"/>
  <system-out/>
  <testcase name="password" time="0.016" classname="com.testng.features.Soft_Asset"/>
  <system-out/>
</testsuite> <!-- com.testng.features.Soft_Asset -->
