<?xml version="1.0" encoding="UTF-8"?>
<!-- Generated by org.testng.reporters.JUnitReportReporter -->
<testsuite skipped="0" hostname="DESKTOP-B7UDF6D" name="com.testng.features.Invocation_Count" tests="7" failures="0" timestamp="2021-12-28T23:28:57 IST" time="0.054" errors="0">
  <testcase name="bowserLaunch" time="0.027" classname="com.testng.features.Invocation_Count"/>
  <system-out/>
  <testcase name="url" time="0.007" classname="com.testng.features.Invocation_Count"/>
  <system-out/>
  <testcase name="refresh" time="0.007" classname="com.testng.features.Invocation_Count"/>
  <system-out/>
  <testcase name="refresh" time="0.002" classname="com.testng.features.Invocation_Count"/>
  <system-out/>
  <testcase name="refresh" time="0.003" classname="com.testng.features.Invocation_Count"/>
  <system-out/>
  <testcase name="refresh" time="0.004" classname="com.testng.features.Invocation_Count"/>
  <system-out/>
  <testcase name="refresh" time="0.004" classname="com.testng.features.Invocation_Count"/>
  <system-out/>
</testsuite> <!-- com.testng.features.Invocation_Count -->
