<?xml version="1.0" encoding="UTF-8"?>
<!-- Generated by org.testng.reporters.JUnitReportReporter -->
<testsuite skipped="0" hostname="DESKTOP-B7UDF6D" name="com.testng.features.Grouping_Featuers" tests="5" failures="0" timestamp="2021-12-28T23:23:26 IST" time="0.082" errors="0">
  <testcase name="facebook" time="0.004" classname="com.testng.features.Grouping_Featuers"/>
  <system-out/>
  <testcase name="whatsapp" time="0.007" classname="com.testng.features.Grouping_Featuers"/>
  <system-out/>
  <testcase name="spotify" time="0.007" classname="com.testng.features.Grouping_Featuers"/>
  <system-out/>
  <testcase name="Book" time="0.026" classname="com.testng.features.Grouping_Featuers"/>
  <system-out/>
  <testcase name="wynkMusic" time="0.038" classname="com.testng.features.Grouping_Featuers"/>
  <system-out/>
</testsuite> <!-- com.testng.features.Grouping_Featuers -->
